Running: /opt/Xilinx/14.6/ISE_DS/ISE/bin/lin64/unwrapped/fuse -intstyle ise -incremental -lib unisims_ver -lib unimacro_ver -lib xilinxcorelib_ver -o /home/csmajs/taror002/Desktop/CS161L-master/Lab2/test_float_tb_isim_beh.exe -prj /home/csmajs/taror002/Desktop/CS161L-master/Lab2/test_float_tb_beh.prj work.test_float_tb work.glbl 
ISim P.68d (signature 0xfbc00daa)
Number of CPUs detected in this system: 8
Turning on mult-threading, number of parallel sub-compilation jobs: 16 
Determining compilation order of HDL files
Analyzing Verilog file "/home/csmajs/taror002/Desktop/CS161L-master/Lab2/fixedfloat.v" into library work
Analyzing Verilog file "/home/csmajs/taror002/Desktop/CS161L-master/Lab2/test_float_tb.v" into library work
Analyzing Verilog file "/opt/Xilinx/14.6/ISE_DS/ISE//verilog/src/glbl.v" into library work
Starting static elaboration
Completed static elaboration
Fuse Memory Usage: 94644 KB
Fuse CPU Usage: 1020 ms
Compiling module fixedfloat
Compiling module test_float_tb
Compiling module glbl
Time Resolution for simulation is 1ps.
Waiting for 1 sub-compilation(s) to finish...
Compiled 3 Verilog Units
Built simulation executable /home/csmajs/taror002/Desktop/CS161L-master/Lab2/test_float_tb_isim_beh.exe
Fuse Memory Usage: 1179176 KB
Fuse CPU Usage: 1040 ms
GCC CPU Usage: 330 ms
